生成启动时间为 2019/9/14 11:42:03。
     1>项目“F:\program\C++\Graphic Plus\Graphic Plus\Graphic Plus.vcxproj”在节点 2 上(Rebuild 个目标)。
     1>AddCudaCompileDeps:
         C:\Program Files (x86)\Microsoft Visual Studio 12.0\VC\bin\cl.exe /E /nologo /showIncludes /TP /D__CUDACC__ /DWIN32 /D_DEBUG /DGRAPHICPLUS_EXPORTS /D_WINDOWS /D_USRDLL /DGMAPI_USE_D3D /D_CRT_SECURE_NO_WARNINGS /D_USING_V110_SDK71_ /D_WINDLL /D_UNICODE /DUNICODE /ID:\NVIDIA\CUDA\Toolkit\include /ID:\NVIDIA\CUDA\Toolkit\bin /ID:\NVIDIA\CUDA\Toolkit\include /I. /FIcuda_runtime.h /c "F:\program\C++\Graphic Plus\Graphic Plus\kernel.cu" 
     1>项目“F:\program\C++\Graphic Plus\Graphic Plus\Graphic Plus.vcxproj”(1)正在节点 2 上生成“F:\program\C++\Graphic Plus\Graphic Plus\Graphic Plus.vcxproj”(1:3) (CudaBuildCore 个目标)。
     1>CudaBuildCore:
         Compiling CUDA source file kernel.cu...
         cmd.exe /C "F:\Nihil\AppData\tmp2dcd5afe6540433ca48fe416715a0677.cmd"
         "D:\NVIDIA\CUDA\Toolkit\bin\nvcc.exe" -gencode=arch=compute_35,code=\"sm_35,compute_35\" --use-local-env -ccbin "C:\Program Files (x86)\Microsoft Visual Studio 12.0\VC\bin" -x cu  -ID:\NVIDIA\CUDA\Toolkit\include -ID:\NVIDIA\CUDA\Toolkit\include  -G   --keep-dir Debug -maxrregcount=0  --machine 32 --compile -cudart static  -g   -DWIN32 -D_DEBUG -DGRAPHICPLUS_EXPORTS -D_WINDOWS -D_USRDLL -DGMAPI_USE_D3D -D_CRT_SECURE_NO_WARNINGS -D_USING_V110_SDK71_ -D_WINDLL -D_UNICODE -DUNICODE -Xcompiler "/EHsc /W3 /nologo /Od /FdDebug\vc120.pdb /FS /Zi /RTC1 /MDd " -o Debug\kernel.cu.obj "F:\program\C++\Graphic Plus\Graphic Plus\kernel.cu"
         
         F:\program\C++\Graphic Plus\Graphic Plus>"D:\NVIDIA\CUDA\Toolkit\bin\nvcc.exe" -gencode=arch=compute_35,code=\"sm_35,compute_35\" --use-local-env -ccbin "C:\Program Files (x86)\Microsoft Visual Studio 12.0\VC\bin" -x cu  -ID:\NVIDIA\CUDA\Toolkit\include -ID:\NVIDIA\CUDA\Toolkit\include  -G   --keep-dir Debug -maxrregcount=0  --machine 32 --compile -cudart static  -g   -DWIN32 -D_DEBUG -DGRAPHICPLUS_EXPORTS -D_WINDOWS -D_USRDLL -DGMAPI_USE_D3D -D_CRT_SECURE_NO_WARNINGS -D_USING_V110_SDK71_ -D_WINDLL -D_UNICODE -DUNICODE -Xcompiler "/EHsc /W3 /nologo /Od /FdDebug\vc120.pdb /FS /Zi /RTC1 /MDd " -o Debug\kernel.cu.obj "F:\program\C++\Graphic Plus\Graphic Plus\kernel.cu" 
     1>d:\nvidia\cuda\toolkit\include\crt\math_functions.h : warning C4819: 该文件包含不能在当前代码页(936)中表示的字符。请将该文件保存为 Unicode 格式以防止数据丢失
     1>d:\nvidia\cuda\toolkit\include\crt\math_functions.h(825): warning C4819: 该文件包含不能在当前代码页(936)中表示的字符。请将该文件保存为 Unicode 格式以防止数据丢失
     1>d:\nvidia\cuda\toolkit\include\crt\math_functions.h(1760): warning C4819: 该文件包含不能在当前代码页(936)中表示的字符。请将该文件保存为 Unicode 格式以防止数据丢失
     1>d:\nvidia\cuda\toolkit\include\crt\math_functions.h(2622): warning C4819: 该文件包含不能在当前代码页(936)中表示的字符。请将该文件保存为 Unicode 格式以防止数据丢失
     1>d:\nvidia\cuda\toolkit\include\crt\math_functions.h(3461): warning C4819: 该文件包含不能在当前代码页(936)中表示的字符。请将该文件保存为 Unicode 格式以防止数据丢失
     1>d:\nvidia\cuda\toolkit\include\crt\math_functions.h(4404): warning C4819: 该文件包含不能在当前代码页(936)中表示的字符。请将该文件保存为 Unicode 格式以防止数据丢失
     1>d:\nvidia\cuda\toolkit\include\crt\math_functions.h(5302): warning C4819: 该文件包含不能在当前代码页(936)中表示的字符。请将该文件保存为 Unicode 格式以防止数据丢失
     1>d:\nvidia\cuda\toolkit\include\crt\math_functions.h(6213): warning C4819: 该文件包含不能在当前代码页(936)中表示的字符。请将该文件保存为 Unicode 格式以防止数据丢失
     1>d:\nvidia\cuda\toolkit\include\crt\math_functions.h(7094): warning C4819: 该文件包含不能在当前代码页(936)中表示的字符。请将该文件保存为 Unicode 格式以防止数据丢失
     1>d:\nvidia\cuda\toolkit\include\crt\math_functions.h(7893): warning C4819: 该文件包含不能在当前代码页(936)中表示的字符。请将该文件保存为 Unicode 格式以防止数据丢失
     1>d:\nvidia\cuda\toolkit\include\crt/device_functions.h : warning C4819: 该文件包含不能在当前代码页(936)中表示的字符。请将该文件保存为 Unicode 格式以防止数据丢失
     1>d:\nvidia\cuda\toolkit\include\crt/device_functions.h(774): warning C4819: 该文件包含不能在当前代码页(936)中表示的字符。请将该文件保存为 Unicode 格式以防止数据丢失
     1>d:\nvidia\cuda\toolkit\include\crt/device_functions.h(1629): warning C4819: 该文件包含不能在当前代码页(936)中表示的字符。请将该文件保存为 Unicode 格式以防止数据丢失
     1>d:\nvidia\cuda\toolkit\include\crt\device_double_functions.h : warning C4819: 该文件包含不能在当前代码页(936)中表示的字符。请将该文件保存为 Unicode 格式以防止数据丢失
     1>d:\nvidia\cuda\toolkit\include\sm_20_intrinsics.h : warning C4819: 该文件包含不能在当前代码页(936)中表示的字符。请将该文件保存为 Unicode 格式以防止数据丢失
     1>d:\nvidia\cuda\toolkit\include\sm_20_intrinsics.h(926): warning C4819: 该文件包含不能在当前代码页(936)中表示的字符。请将该文件保存为 Unicode 格式以防止数据丢失
     1>d:\nvidia\cuda\toolkit\include\crt\math_functions.h : warning C4819: 该文件包含不能在当前代码页(936)中表示的字符。请将该文件保存为 Unicode 格式以防止数据丢失
     1>d:\nvidia\cuda\toolkit\include\crt\math_functions.h(825): warning C4819: 该文件包含不能在当前代码页(936)中表示的字符。请将该文件保存为 Unicode 格式以防止数据丢失
     1>d:\nvidia\cuda\toolkit\include\crt\math_functions.h(1760): warning C4819: 该文件包含不能在当前代码页(936)中表示的字符。请将该文件保存为 Unicode 格式以防止数据丢失
     1>d:\nvidia\cuda\toolkit\include\crt\math_functions.h(2622): warning C4819: 该文件包含不能在当前代码页(936)中表示的字符。请将该文件保存为 Unicode 格式以防止数据丢失
     1>d:\nvidia\cuda\toolkit\include\crt\math_functions.h(3461): warning C4819: 该文件包含不能在当前代码页(936)中表示的字符。请将该文件保存为 Unicode 格式以防止数据丢失
     1>d:\nvidia\cuda\toolkit\include\crt\math_functions.h(4404): warning C4819: 该文件包含不能在当前代码页(936)中表示的字符。请将该文件保存为 Unicode 格式以防止数据丢失
     1>d:\nvidia\cuda\toolkit\include\crt\math_functions.h(5302): warning C4819: 该文件包含不能在当前代码页(936)中表示的字符。请将该文件保存为 Unicode 格式以防止数据丢失
     1>d:\nvidia\cuda\toolkit\include\crt\math_functions.h(6213): warning C4819: 该文件包含不能在当前代码页(936)中表示的字符。请将该文件保存为 Unicode 格式以防止数据丢失
     1>d:\nvidia\cuda\toolkit\include\crt\math_functions.h(7094): warning C4819: 该文件包含不能在当前代码页(936)中表示的字符。请将该文件保存为 Unicode 格式以防止数据丢失
     1>d:\nvidia\cuda\toolkit\include\crt\math_functions.h(7893): warning C4819: 该文件包含不能在当前代码页(936)中表示的字符。请将该文件保存为 Unicode 格式以防止数据丢失
     1>d:\nvidia\cuda\toolkit\include\crt/device_functions.h : warning C4819: 该文件包含不能在当前代码页(936)中表示的字符。请将该文件保存为 Unicode 格式以防止数据丢失
     1>d:\nvidia\cuda\toolkit\include\crt/device_functions.h(774): warning C4819: 该文件包含不能在当前代码页(936)中表示的字符。请将该文件保存为 Unicode 格式以防止数据丢失
     1>d:\nvidia\cuda\toolkit\include\crt/device_functions.h(1629): warning C4819: 该文件包含不能在当前代码页(936)中表示的字符。请将该文件保存为 Unicode 格式以防止数据丢失
     1>d:\nvidia\cuda\toolkit\include\crt\device_double_functions.h : warning C4819: 该文件包含不能在当前代码页(936)中表示的字符。请将该文件保存为 Unicode 格式以防止数据丢失
     1>d:\nvidia\cuda\toolkit\include\sm_20_intrinsics.h : warning C4819: 该文件包含不能在当前代码页(936)中表示的字符。请将该文件保存为 Unicode 格式以防止数据丢失
     1>d:\nvidia\cuda\toolkit\include\sm_20_intrinsics.h(926): warning C4819: 该文件包含不能在当前代码页(936)中表示的字符。请将该文件保存为 Unicode 格式以防止数据丢失
     1>CUDACOMPILE : nvcc warning : nvcc support for Microsoft Visual Studio 2013 and earlier has been deprecated and is no longer being maintained
         kernel.cu
         support for this version of Microsoft Visual Studio has been deprecated! Only the versions between 2015 and 2019 (inclusive) are supported!
     1>F:/program/C++/Graphic Plus/Graphic Plus/kernel.cu(23): warning C4996: 'cudaThreadSynchronize': 被声明为已否决
                 d:\nvidia\cuda\toolkit\include\cuda_runtime_api.h(957) : 参见“cudaThreadSynchronize”的声明
     1>d:\nvidia\cuda\toolkit\include\crt\math_functions.h : warning C4819: 该文件包含不能在当前代码页(936)中表示的字符。请将该文件保存为 Unicode 格式以防止数据丢失
     1>d:\nvidia\cuda\toolkit\include\crt\math_functions.h(825): warning C4819: 该文件包含不能在当前代码页(936)中表示的字符。请将该文件保存为 Unicode 格式以防止数据丢失
     1>d:\nvidia\cuda\toolkit\include\crt\math_functions.h(1760): warning C4819: 该文件包含不能在当前代码页(936)中表示的字符。请将该文件保存为 Unicode 格式以防止数据丢失
     1>d:\nvidia\cuda\toolkit\include\crt\math_functions.h(2622): warning C4819: 该文件包含不能在当前代码页(936)中表示的字符。请将该文件保存为 Unicode 格式以防止数据丢失
     1>d:\nvidia\cuda\toolkit\include\crt\math_functions.h(3461): warning C4819: 该文件包含不能在当前代码页(936)中表示的字符。请将该文件保存为 Unicode 格式以防止数据丢失
     1>d:\nvidia\cuda\toolkit\include\crt\math_functions.h(4404): warning C4819: 该文件包含不能在当前代码页(936)中表示的字符。请将该文件保存为 Unicode 格式以防止数据丢失
     1>d:\nvidia\cuda\toolkit\include\crt\math_functions.h(5302): warning C4819: 该文件包含不能在当前代码页(936)中表示的字符。请将该文件保存为 Unicode 格式以防止数据丢失
     1>d:\nvidia\cuda\toolkit\include\crt\math_functions.h(6213): warning C4819: 该文件包含不能在当前代码页(936)中表示的字符。请将该文件保存为 Unicode 格式以防止数据丢失
     1>d:\nvidia\cuda\toolkit\include\crt\math_functions.h(7094): warning C4819: 该文件包含不能在当前代码页(936)中表示的字符。请将该文件保存为 Unicode 格式以防止数据丢失
     1>d:\nvidia\cuda\toolkit\include\crt\math_functions.h(7893): warning C4819: 该文件包含不能在当前代码页(936)中表示的字符。请将该文件保存为 Unicode 格式以防止数据丢失
     1>已完成生成项目“F:\program\C++\Graphic Plus\Graphic Plus\Graphic Plus.vcxproj”(CudaBuildCore 个目标)的操作。
     1>ClCompile:
         C:\Program Files (x86)\Microsoft Visual Studio 12.0\VC\bin\CL.exe /c /ID:\NVIDIA\CUDA\Toolkit\include /ZI /nologo /W3 /WX- /sdl /Od /Oy- /D WIN32 /D _DEBUG /D GRAPHICPLUS_EXPORTS /D _WINDOWS /D _USRDLL /D GMAPI_USE_D3D /D _CRT_SECURE_NO_WARNINGS /D _USING_V110_SDK71_ /D _WINDLL /D _UNICODE /D UNICODE /Gm /EHsc /RTC1 /MDd /GS /fp:precise /Zc:wchar_t /Zc:forScope /openmp /Yc"stdafx.h" /Fp"Debug\GRAPHICPLUS.pch" /Fo"Debug\\" /Fd"Debug\vc120.pdb" /Gd /TP /analyze- /errorReport:prompt /Zc:twoPhase- stdafx.cpp
     1>cl : 命令行 warning D9002: 忽略未知选项“/Zc:twoPhase-”
         stdafx.cpp
         C:\Program Files (x86)\Microsoft Visual Studio 12.0\VC\bin\CL.exe /c /ID:\NVIDIA\CUDA\Toolkit\include /ZI /nologo /W3 /WX- /sdl /Od /Oy- /D WIN32 /D _DEBUG /D GRAPHICPLUS_EXPORTS /D _WINDOWS /D _USRDLL /D GMAPI_USE_D3D /D _CRT_SECURE_NO_WARNINGS /D _USING_V110_SDK71_ /D _WINDLL /D _UNICODE /D UNICODE /Gm /EHsc /RTC1 /MDd /GS /fp:precise /Zc:wchar_t /Zc:forScope /openmp /Yu"stdafx.h" /Fp"Debug\GRAPHICPLUS.pch" /Fo"Debug\\" /Fd"Debug\vc120.pdb" /Gd /TP /analyze- /errorReport:prompt /Zc:twoPhase- dllmain.cpp Gmapi3DGraphics.cpp GmapiConsts.cpp GmapiDataStructures.cpp GmapiFiles.cpp GmapiGameGraphics.cpp GmapiGameplay.cpp GmapiInteraction.cpp GmapiInternal.cpp GmapiMultiplayer.cpp GmapiParticles.cpp GmapiPopups.cpp GmapiResources.cpp GmapiSounds.cpp "Graphic Plus.cpp"
     1>cl : 命令行 warning D9002: 忽略未知选项“/Zc:twoPhase-”
         Graphic Plus.cpp
     1>f:\program\c++\graphic plus\graphic plus\graphic plus.cpp(13): warning C4244: “参数”: 从“GMReal”转换到“int”，可能丢失数据
     1>f:\program\c++\graphic plus\graphic plus\graphic plus.cpp(16): warning C4244: “参数”: 从“GMReal”转换到“int”，可能丢失数据
     1>f:\program\c++\graphic plus\graphic plus\graphic plus.cpp(23): warning C4244: “参数”: 从“GMReal”转换到“int”，可能丢失数据
     1>f:\program\c++\graphic plus\graphic plus\graphic plus.cpp(24): warning C4244: “参数”: 从“GMReal”转换到“int”，可能丢失数据
     1>f:\program\c++\graphic plus\graphic plus\graphic plus.cpp(26): warning C4244: “参数”: 从“GMReal”转换到“int”，可能丢失数据
     1>f:\program\c++\graphic plus\graphic plus\graphic plus.cpp(28): warning C4244: “参数”: 从“GMReal”转换到“int”，可能丢失数据
     1>f:\program\c++\graphic plus\graphic plus\graphic plus.cpp(29): warning C4244: “参数”: 从“GMReal”转换到“int”，可能丢失数据
         GmapiSounds.cpp
         GmapiResources.cpp
         GmapiPopups.cpp
         GmapiParticles.cpp
         GmapiMultiplayer.cpp
         GmapiInternal.cpp
         GmapiInteraction.cpp
         GmapiGameplay.cpp
         GmapiGameGraphics.cpp
         GmapiFiles.cpp
         GmapiDataStructures.cpp
         GmapiConsts.cpp
         Gmapi3DGraphics.cpp
         dllmain.cpp
         正在生成代码...
       Link:
         C:\Program Files (x86)\Microsoft Visual Studio 12.0\VC\bin\link.exe /ERRORREPORT:PROMPT /OUT:"F:\program\C++\Graphic Plus\Debug\GRAPHICPLUS.dll" /INCREMENTAL /NOLOGO /LIBPATH:D:\NVIDIA\CUDA\Toolkit\lib\Win32 /LIBPATH:"F:\program\C++\Graphic Plus\Graphic Plus\d3d8" /LIBPATH:"F:\program\C++\Graphic Plus\Graphic Plus\GMAPICore" GMAPICore.lib cuda.lib cudart.lib kernel32.lib user32.lib gdi32.lib winspool.lib comdlg32.lib advapi32.lib shell32.lib ole32.lib oleaut32.lib uuid.lib odbc32.lib odbccp32.lib /MANIFEST /MANIFESTUAC:"level='asInvoker' uiAccess='false'" /manifest:embed /DEBUG /PDB:"F:\program\C++\Graphic Plus\Debug\GRAPHICPLUS.pdb" /SUBSYSTEM:WINDOWS,"5.01" /TLBID:1 /DYNAMICBASE /NXCOMPAT /IMPLIB:"F:\program\C++\Graphic Plus\Debug\GRAPHICPLUS.lib" /MACHINE:X86 /nodefaultlib:libci /DLL Debug\kernel.cu.obj
         Debug\dllmain.obj
         Debug\Gmapi3DGraphics.obj
         Debug\GmapiConsts.obj
         Debug\GmapiDataStructures.obj
         Debug\GmapiFiles.obj
         Debug\GmapiGameGraphics.obj
         Debug\GmapiGameplay.obj
         Debug\GmapiInteraction.obj
         Debug\GmapiInternal.obj
         Debug\GmapiMultiplayer.obj
         Debug\GmapiParticles.obj
         Debug\GmapiPopups.obj
         Debug\GmapiResources.obj
         Debug\GmapiSounds.obj
         "Debug\Graphic Plus.obj"
         Debug\stdafx.obj
            正在创建库 F:\program\C++\Graphic Plus\Debug\GRAPHICPLUS.lib 和对象 F:\program\C++\Graphic Plus\Debug\GRAPHICPLUS.exp
         Graphic Plus.vcxproj -> F:\program\C++\Graphic Plus\Debug\GRAPHICPLUS.dll
     1>已完成生成项目“F:\program\C++\Graphic Plus\Graphic Plus\Graphic Plus.vcxproj”(Rebuild 个目标)的操作。

生成成功。

已用时间 00:00:13.20
