f:\program\c++\graphic plus\graphic plus\debug\graphicplus.pch
f:\program\c++\graphic plus\graphic plus\debug\vc120.pdb
f:\program\c++\graphic plus\graphic plus\debug\vc120.idb
f:\program\c++\graphic plus\graphic plus\debug\stdafx.obj
f:\program\c++\graphic plus\graphic plus\debug\dllmain.obj
f:\program\c++\graphic plus\graphic plus\debug\gmapi3dgraphics.obj
f:\program\c++\graphic plus\graphic plus\debug\gmapiconsts.obj
f:\program\c++\graphic plus\graphic plus\debug\gmapidatastructures.obj
f:\program\c++\graphic plus\graphic plus\debug\gmapifiles.obj
f:\program\c++\graphic plus\graphic plus\debug\gmapigamegraphics.obj
f:\program\c++\graphic plus\graphic plus\debug\gmapigameplay.obj
f:\program\c++\graphic plus\graphic plus\debug\gmapiinteraction.obj
f:\program\c++\graphic plus\graphic plus\debug\gmapiinternal.obj
f:\program\c++\graphic plus\graphic plus\debug\gmapimultiplayer.obj
f:\program\c++\graphic plus\graphic plus\debug\gmapiparticles.obj
f:\program\c++\graphic plus\graphic plus\debug\gmapipopups.obj
f:\program\c++\graphic plus\graphic plus\debug\gmapiresources.obj
f:\program\c++\graphic plus\graphic plus\debug\gmapisounds.obj
f:\program\c++\graphic plus\graphic plus\debug\graphic plus.obj
debug\kernel.cu.obj
f:\program\c++\graphic plus\debug\graphicplus.lib
f:\program\c++\graphic plus\debug\graphicplus.exp
f:\program\c++\graphic plus\debug\graphicplus.ilk
f:\program\c++\graphic plus\debug\graphicplus.dll
f:\program\c++\graphic plus\debug\graphicplus.pdb
f:\program\c++\graphic plus\graphic plus\debug\kernel.cu.cache
f:\program\c++\graphic plus\graphic plus\debug\kernel.cu.obj
f:\program\c++\graphic plus\graphic plus\debug\graphic plus.tlog\cl.command.1.tlog
f:\program\c++\graphic plus\graphic plus\debug\graphic plus.tlog\cl.read.1.tlog
f:\program\c++\graphic plus\graphic plus\debug\graphic plus.tlog\cl.write.1.tlog
f:\program\c++\graphic plus\graphic plus\debug\graphic plus.tlog\cudacompile.read.1u.tlog
f:\program\c++\graphic plus\graphic plus\debug\graphic plus.tlog\cudacompile.write.1u.tlog
f:\program\c++\graphic plus\graphic plus\debug\graphic plus.tlog\graphic plus.write.1u.tlog
f:\program\c++\graphic plus\graphic plus\debug\graphic plus.tlog\link.command.1.tlog
f:\program\c++\graphic plus\graphic plus\debug\graphic plus.tlog\link.read.1.tlog
f:\program\c++\graphic plus\graphic plus\debug\graphic plus.tlog\link.write.1.tlog
