f:\program\c++\graphic plus\graphic plus\release\graphicplus.pch
f:\program\c++\graphic plus\graphic plus\release\vc120.pdb
f:\program\c++\graphic plus\graphic plus\release\stdafx.obj
f:\program\c++\graphic plus\graphic plus\release\graphic plus.obj
f:\program\c++\graphic plus\graphic plus\release\gmapisounds.obj
f:\program\c++\graphic plus\graphic plus\release\gmapiresources.obj
f:\program\c++\graphic plus\graphic plus\release\gmapipopups.obj
f:\program\c++\graphic plus\graphic plus\release\gmapiparticles.obj
f:\program\c++\graphic plus\graphic plus\release\gmapimultiplayer.obj
f:\program\c++\graphic plus\graphic plus\release\gmapiinternal.obj
f:\program\c++\graphic plus\graphic plus\release\gmapiinteraction.obj
f:\program\c++\graphic plus\graphic plus\release\gmapigameplay.obj
f:\program\c++\graphic plus\graphic plus\release\gmapigamegraphics.obj
f:\program\c++\graphic plus\graphic plus\release\gmapifiles.obj
f:\program\c++\graphic plus\graphic plus\release\gmapidatastructures.obj
f:\program\c++\graphic plus\graphic plus\release\gmapiconsts.obj
f:\program\c++\graphic plus\graphic plus\release\gmapi3dgraphics.obj
f:\program\c++\graphic plus\graphic plus\release\dllmain.obj
release\kernel.cu.obj
f:\program\c++\graphic plus\release\graphicplus.lib
f:\program\c++\graphic plus\release\graphicplus.exp
f:\program\c++\graphic plus\release\graphicplus.dll
f:\program\c++\graphic plus\release\graphicplus.pdb
f:\program\c++\graphic plus\graphic plus\release\kernel.cu.cache
f:\program\c++\graphic plus\graphic plus\release\kernel.cu.obj
f:\program\c++\graphic plus\graphic plus\release\graphic plus.tlog\cl.command.1.tlog
f:\program\c++\graphic plus\graphic plus\release\graphic plus.tlog\cl.read.1.tlog
f:\program\c++\graphic plus\graphic plus\release\graphic plus.tlog\cl.write.1.tlog
f:\program\c++\graphic plus\graphic plus\release\graphic plus.tlog\cudacompile.read.1u.tlog
f:\program\c++\graphic plus\graphic plus\release\graphic plus.tlog\cudacompile.write.1u.tlog
f:\program\c++\graphic plus\graphic plus\release\graphic plus.tlog\graphic plus.write.1u.tlog
f:\program\c++\graphic plus\graphic plus\release\graphic plus.tlog\link.command.1.tlog
f:\program\c++\graphic plus\graphic plus\release\graphic plus.tlog\link.read.1.tlog
f:\program\c++\graphic plus\graphic plus\release\graphic plus.tlog\link.write.1.tlog
