  Compiling CUDA source file kernel.cu...
  
  F:\program\C++\Graphic Plus\Graphic Plus>"D:\NVIDIA\CUDA\Toolkit\bin\nvcc.exe" -gencode=arch=compute_35,code=\"sm_35,compute_35\" --use-local-env -ccbin "C:\Program Files (x86)\Microsoft Visual Studio\2017\Community\VC\Tools\MSVC\14.16.27023\bin\HostX86\x64" -x cu  -ID:\NVIDIA\CUDA\Toolkit\include -ID:\NVIDIA\CUDA\Toolkit\include     --keep-dir x64\Release -maxrregcount=0  --machine 64 --compile -cudart static     -DWIN32 -DNDEBUG -DGRAPHICPLUS_EXPORTS -D_WINDOWS -D_USRDLL -DGMAPI_USE_D3D -D_CRT_SECURE_NO_WARNINGS -D_WINDLL -D_UNICODE -DUNICODE -Xcompiler "/EHsc /W3 /nologo /O2 /Fdx64\Release\vc141.pdb /FS /Zi  /MD " -o x64\Release\kernel.cu.obj "F:\program\C++\Graphic Plus\Graphic Plus\kernel.cu" 
d:\nvidia\cuda\toolkit\include\crt\math_functions.h : warning C4819: 该文件包含不能在当前代码页(936)中表示的字符。请将该文件保存为 Unicode 格式以防止数据丢失
d:\nvidia\cuda\toolkit\include\crt\math_functions.h(824): warning C4819: 该文件包含不能在当前代码页(936)中表示的字符。请将该文件保存为 Unicode 格式以防止数据丢失
d:\nvidia\cuda\toolkit\include\crt\math_functions.h(1759): warning C4819: 该文件包含不能在当前代码页(936)中表示的字符。请将该文件保存为 Unicode 格式以防止数据丢失
d:\nvidia\cuda\toolkit\include\crt\math_functions.h(2621): warning C4819: 该文件包含不能在当前代码页(936)中表示的字符。请将该文件保存为 Unicode 格式以防止数据丢失
d:\nvidia\cuda\toolkit\include\crt\math_functions.h(3460): warning C4819: 该文件包含不能在当前代码页(936)中表示的字符。请将该文件保存为 Unicode 格式以防止数据丢失
d:\nvidia\cuda\toolkit\include\crt\math_functions.h(4403): warning C4819: 该文件包含不能在当前代码页(936)中表示的字符。请将该文件保存为 Unicode 格式以防止数据丢失
d:\nvidia\cuda\toolkit\include\crt\math_functions.h(5301): warning C4819: 该文件包含不能在当前代码页(936)中表示的字符。请将该文件保存为 Unicode 格式以防止数据丢失
d:\nvidia\cuda\toolkit\include\crt\math_functions.h(6212): warning C4819: 该文件包含不能在当前代码页(936)中表示的字符。请将该文件保存为 Unicode 格式以防止数据丢失
d:\nvidia\cuda\toolkit\include\crt\math_functions.h(7093): warning C4819: 该文件包含不能在当前代码页(936)中表示的字符。请将该文件保存为 Unicode 格式以防止数据丢失
d:\nvidia\cuda\toolkit\include\crt\math_functions.h(7892): warning C4819: 该文件包含不能在当前代码页(936)中表示的字符。请将该文件保存为 Unicode 格式以防止数据丢失
d:\nvidia\cuda\toolkit\include\crt/device_functions.h : warning C4819: 该文件包含不能在当前代码页(936)中表示的字符。请将该文件保存为 Unicode 格式以防止数据丢失
d:\nvidia\cuda\toolkit\include\crt/device_functions.h(773): warning C4819: 该文件包含不能在当前代码页(936)中表示的字符。请将该文件保存为 Unicode 格式以防止数据丢失
d:\nvidia\cuda\toolkit\include\crt/device_functions.h(1628): warning C4819: 该文件包含不能在当前代码页(936)中表示的字符。请将该文件保存为 Unicode 格式以防止数据丢失
d:\nvidia\cuda\toolkit\include\crt\device_double_functions.h : warning C4819: 该文件包含不能在当前代码页(936)中表示的字符。请将该文件保存为 Unicode 格式以防止数据丢失
d:\nvidia\cuda\toolkit\include\sm_20_intrinsics.h : warning C4819: 该文件包含不能在当前代码页(936)中表示的字符。请将该文件保存为 Unicode 格式以防止数据丢失
d:\nvidia\cuda\toolkit\include\sm_20_intrinsics.h(925): warning C4819: 该文件包含不能在当前代码页(936)中表示的字符。请将该文件保存为 Unicode 格式以防止数据丢失
f:\program\c++\graphic plus\graphic plus\GmapiDefs.h(455): warning : a reduction in alignment is ignored
  
f:\program\c++\graphic plus\graphic plus\GmapiInternal.h(535): warning : conversion from pointer to smaller integer
  
F:/program/C++/Graphic Plus/Graphic Plus/kernel.cu(18): error : expected an expression
  
F:/program/C++/Graphic Plus/Graphic Plus/kernel.cu(18): error : expected a ">>>"
  
F:/program/C++/Graphic Plus/Graphic Plus/kernel.cu(18): error : expected a "("
  
F:/program/C++/Graphic Plus/Graphic Plus/kernel.cu(19): error : expected a ")"
  
F:/program/C++/Graphic Plus/Graphic Plus/kernel.cu(19): error : argument of type "cudaError_t" is incompatible with parameter of type "unsigned int *"
  
  5 errors detected in the compilation of "F:/Nihil/AppData/tmpxft_00006618_00000000-7_kernel.cpp1.ii".
  kernel.cu
C:\Program Files (x86)\Microsoft Visual Studio\2017\Community\Common7\IDE\VC\VCTargets\BuildCustomizations\CUDA 10.1.targets(764,9): error MSB3721: 命令“"D:\NVIDIA\CUDA\Toolkit\bin\nvcc.exe" -gencode=arch=compute_35,code=\"sm_35,compute_35\" --use-local-env -ccbin "C:\Program Files (x86)\Microsoft Visual Studio\2017\Community\VC\Tools\MSVC\14.16.27023\bin\HostX86\x64" -x cu  -ID:\NVIDIA\CUDA\Toolkit\include -ID:\NVIDIA\CUDA\Toolkit\include     --keep-dir x64\Release -maxrregcount=0  --machine 64 --compile -cudart static     -DWIN32 -DNDEBUG -DGRAPHICPLUS_EXPORTS -D_WINDOWS -D_USRDLL -DGMAPI_USE_D3D -D_CRT_SECURE_NO_WARNINGS -D_WINDLL -D_UNICODE -DUNICODE -Xcompiler "/EHsc /W3 /nologo /O2 /Fdx64\Release\vc141.pdb /FS /Zi  /MD " -o x64\Release\kernel.cu.obj "F:\program\C++\Graphic Plus\Graphic Plus\kernel.cu"”已退出，返回代码为 1。
